10:27:58.178 [main] INFO  resources.Base - home page
10:27:59.511 [main] INFO  resources.Base - home page quit
10:28:02.225 [main] INFO  resources.Base - Driver is initialized
10:28:05.237 [main] INFO  resources.Base - Navigated to Home page
10:28:05.302 [main] INFO  resources.Base - Successfully validated Text message
10:28:06.779 [main] INFO  resources.Base - Driver quit
10:37:27.477 [main] INFO  resources.Base - home page
10:37:28.970 [main] INFO  resources.Base - home page quit
10:37:31.653 [main] INFO  resources.Base - Driver is initialized
10:37:34.692 [main] INFO  resources.Base - Navigated to Home page
10:37:34.783 [main] INFO  resources.Base - Successfully validated Text message
10:37:36.145 [main] INFO  resources.Base - Driver quit
10:38:10.682 [main] INFO  resources.Base - home page
10:38:12.073 [main] INFO  resources.Base - home page quit
10:38:14.700 [main] INFO  resources.Base - Driver is initialized
10:38:17.817 [main] INFO  resources.Base - Navigated to Home page
10:38:17.883 [main] INFO  resources.Base - Successfully validated Text message
10:38:19.134 [main] INFO  resources.Base - Driver quit
10:46:18.529 [main] INFO  resources.Base - home page
10:46:20.007 [main] INFO  resources.Base - home page quit
10:46:22.703 [main] INFO  resources.Base - Driver is initialized
10:46:25.427 [main] INFO  resources.Base - Navigated to Home page
10:46:25.501 [main] INFO  resources.Base - Successfully validated Text message
10:46:27.001 [main] INFO  resources.Base - Driver quit
11:10:04.414 [main] INFO  resources.Base - home page
11:10:06.219 [main] INFO  resources.Base - home page quit
11:10:09.626 [main] INFO  resources.Base - Driver is initialized
11:10:13.493 [main] INFO  resources.Base - Navigated to Home page
11:10:13.704 [main] INFO  resources.Base - Successfully validated Text message
11:10:15.025 [main] INFO  resources.Base - Driver quit
17:01:47.577 [main] INFO  resources.Base - home page
17:01:50.198 [main] INFO  resources.Base - home page quit
17:01:53.772 [main] INFO  resources.Base - Driver is initialized
17:01:58.269 [main] INFO  resources.Base - Navigated to Home page
17:01:59.566 [main] INFO  resources.Base - Driver quit
17:04:22.449 [main] INFO  resources.Base - home page
17:04:24.643 [main] INFO  resources.Base - home page quit
17:06:54.133 [main] INFO  resources.Base - home page
17:06:56.069 [main] INFO  resources.Base - home page quit
17:59:33.740 [main] INFO  resources.Base - open browser
17:59:35.527 [main] INFO  resources.Base - driver quit
17:59:39.856 [main] INFO  resources.Base - open browser
17:59:43.393 [main] INFO  resources.Base - driver quit
17:59:47.494 [main] INFO  resources.Base - open browser
17:59:50.995 [main] INFO  resources.Base - driver quit
17:59:55.264 [main] INFO  resources.Base - open browser
17:59:58.790 [main] INFO  resources.Base - driver quit
18:00:02.310 [main] INFO  resources.Base - open browser
18:00:02.343 [main] INFO  resources.Base - assert login text
18:00:03.549 [main] INFO  resources.Base - driver quit
18:06:44.917 [main] INFO  resources.Base - open browser
18:06:46.912 [main] INFO  resources.Base - driver quit
18:08:25.441 [main] INFO  resources.Base - open browser
18:08:31.196 [main] INFO  resources.Base - driver quit
09:13:52.598 [main] INFO  resources.Base - open browser
09:22:12.616 [main] INFO  resources.Base - open browser
09:22:18.681 [main] INFO  resources.Base - driver quit
09:22:22.756 [main] INFO  resources.Base - open browser
09:22:26.743 [main] INFO  resources.Base - driver quit
09:22:30.654 [main] INFO  resources.Base - open browser
09:22:34.214 [main] INFO  resources.Base - driver quit
09:22:38.307 [main] INFO  resources.Base - open browser
09:22:41.837 [main] INFO  resources.Base - driver quit
09:22:45.749 [main] INFO  resources.Base - open browser
09:22:45.791 [main] INFO  resources.Base - assert login text
09:22:47.075 [main] INFO  resources.Base - driver quit
11:14:03.767 [main] INFO  resources.Base - open browser
12:01:44.878 [main] INFO  resources.Base - element1 叶菜类型 aa 2017-12-04 15:34:28 2017-12-07 11:40:02 未添加描述  === factoryTypeName:奶油生菜工厂类型
12:01:49.509 [main] INFO  resources.Base - element1 蘑菇工厂类型 aa 2018-01-15 12:01:45 2018-01-15 12:01:45 未添加描述  === factoryTypeName:蘑菇工厂类型
12:01:54.086 [main] INFO  resources.Base - element1 香菇工厂类型 aa 2018-01-15 12:01:50 2018-01-15 12:01:50 未添加描述  === factoryTypeName:香菇工厂类型
12:06:56.499 [main] INFO  resources.Base - element叶菜类型=== factoryTypeName:奶油生菜工厂类型
12:07:01.014 [main] INFO  resources.Base - element蘑菇工厂类型=== factoryTypeName:蘑菇工厂类型
12:07:01.040 [main] INFO  resources.Base - element奶油生菜工厂类型=== factoryTypeName:蘑菇工厂类型
12:07:05.478 [main] INFO  resources.Base - element香菇工厂类型=== factoryTypeName:香菇工厂类型
12:07:05.504 [main] INFO  resources.Base - element蘑菇工厂类型=== factoryTypeName:香菇工厂类型
